Boundary generator of Altimetry based Flood Forecasting System of SASWE.
Forecast Date for generating boundary: 2018-04-06
Boundary generation started at: 2018-04-06 02:00:00
Initializing variables and checking for necessary files ...
Necessary files and folders checked and variables initiated successfully.
Checking for latest Virtual Station file ...
Latest JASON 3 Altimeter data available for Ganges River: JA3_IPN_2PdP079_079_20180403_213835_20180403_223448.zip
Latest JASON 3 Altimeter data available for Brahmaputra River: JA3_IPN_2PdP079_053_20180402_211700_20180402_221313.zip
Latest JASON 2 Altimeter data available for Ganges River: JA2_IPN_2PdP527_014_20180403_004525_20180403_014120.zip
Latest JASON 2 Altimeter data available for Brahmaputra River: JA2_IPN_2PdP527_053_20180404_130623_20180404_140219.zip
Latest Virtual Station file Selected. Downloading the selected file ...
Latest downloaded file for Ganges: JA3_IPN_2PdP079_079_20180403_213835_20180403_223448.zip
Latest downloaded file for Brahmaputra: JA2_IPN_2PdP527_053_20180404_130623_20180404_140219.zip
Unzipping the latest virtual station files for both basins ...
The selected virtual station file unzipped successfully.
Virtual Station files are processing to get NC files ...
Virtual Station selected for Ganges River: JA3079_2018-04-03.txt
Virtual Station selected for Brahmaputra River: JA2053_2018-04-04.txt
Virtual Station files are processed successfully.
Generating forecasted Water Heights at Bahadurabad and Hardinge Bridge ...
No Heights found with Backscatter greater than 30 dB for brahma, taken height corrsponding to Maximum BS.
Forecasted Water Heights at Bahadurabad and Hardinge Bridge are generated successfully.
Downloading in situ water level data from FFWC website ....
In situ Water Level data downloaded from FFWC website and SQL Database updated successfully.
Correcting forecasted Water Heights at Bahadurabad Station ...
Error occurred in boundary correction at Bahadurabad Station. Error: System.InvalidOperationException: Sequence contains no elements
   at System.Linq.Enumerable.Last[TSource](IEnumerable`1 source)
   at SASWEForecast.Program.Main(String[] args)
Correcting forecasted Water Heights at Hardinge Bridge Station ...
Hardinge Bridge and depended station's forecasts cannot be generated due to an error. Error: System.Collections.Generic.KeyNotFoundException: The given key was not present in the dictionary.
   at System.Collections.Generic.Dictionary`2.get_Item(TKey key)
   at SASWEForecast.Program.Main(String[] args)
