Boundary generator of Altimetry based Flood Forecasting System of SASWE.
Forecast Date for generating boundary: 2019-09-17
Boundary generation started at: 2019-09-17 02:00:01
Initializing variables and checking for necessary files ...
Necessary files and folders checked and variables initiated successfully.
Checking for latest Virtual Station file ...
Latest JASON 3 Altimeter data available for Ganges River: JA3_IPN_2PdP132_192_20190915_201244_20190915_210857.zip
Latest JASON 3 Altimeter data available for Brahmaputra River: JA3_IPN_2PdP132_166_20190914_195109_20190914_204722.zip
Latest JASON 2 Altimeter data available for Ganges River: JA2_IPN_2PdP642_192_20190913_062247_20190913_071842.zip
Latest JASON 2 Altimeter data available for Brahmaputra River: JA2_IPN_2PdP642_242_20190915_045854_20190915_055449.zip
Latest Virtual Station file Selected. Downloading the selected file ...
Latest downloaded file for Ganges: JA3_IPN_2PdP132_192_20190915_201244_20190915_210857.zip
Latest downloaded file for Brahmaputra: JA2_IPN_2PdP642_242_20190915_045854_20190915_055449.zip
Unzipping the latest virtual station files for both basins ...
The selected virtual station file unzipped successfully.
Virtual Station files are processing to get NC files ...
Virtual Station selected for Ganges River: JA3192_2019-09-15.txt
Virtual Station selected for Brahmaputra River: JA2242_2019-09-15.txt
Virtual Station files are processed successfully.
Generating forecasted Water Heights at Bahadurabad and Hardinge Bridge ...
No Heights found with Backscatter greater than 30 dB for brahma, taken height corrsponding to Maximum BS.
Forecasted Water Heights at Bahadurabad and Hardinge Bridge are generated successfully.
Downloading in situ water level data from FFWC website ....
In situ Water Level data from FFWC cannot be downloaded due to an error. Error: System.Net.WebException: Unable to connect to the remote server ---> System.Net.Sockets.SocketException: A connection attempt failed because the connected party did not properly respond after a period of time, or established connection failed because connected host has failed to respond 202.4.96.72:80
   at System.Net.Sockets.Socket.DoConnect(EndPoint endPointSnapshot, SocketAddress socketAddress)
   at System.Net.ServicePoint.ConnectSocketInternal(Boolean connectFailure, Socket s4, Socket s6, Socket& socket, IPAddress& address, ConnectSocketState state, IAsyncResult asyncResult, Exception& exception)
   --- End of inner exception stack trace ---
   at System.Net.WebClient.DownloadDataInternal(Uri address, WebRequest& request)
   at System.Net.WebClient.DownloadString(Uri address)
   at System.Net.WebClient.DownloadString(String address)
   at SASWEForecast.Program.Main(String[] args)
Correcting forecasted Water Heights at Bahadurabad Station ...
Error occurred in boundary correction at Bahadurabad Station. Error: System.Collections.Generic.KeyNotFoundException: The given key was not present in the dictionary.
   at System.Collections.Generic.Dictionary`2.get_Item(TKey key)
   at SASWEForecast.Program.Main(String[] args)
Correcting forecasted Water Heights at Hardinge Bridge Station ...
Hardinge Bridge and depended station's forecasts cannot be generated due to an error. Error: System.Collections.Generic.KeyNotFoundException: The given key was not present in the dictionary.
   at System.Collections.Generic.Dictionary`2.get_Item(TKey key)
   at SASWEForecast.Program.Main(String[] args)
