Boundary generator of Altimetry based Flood Forecasting System of SASWE.
Forecast Date for generating boundary: 2017-05-03
Boundary generation started at: 2017-05-03 01:49:24
Initializing variables and checking for necessary files ...
Necessary files and folders checked and variables initiated successfully.
Checking for latest Virtual Station file ...
Latest JASON 3 Altimeter data available for Ganges River: JA3_IPN_2PdP045_079_20170501_182842_20170501_192455.zip
Latest JASON 3 Altimeter data available for Brahmaputra River: JA3_IPN_2PdP045_053_20170430_180707_20170430_190320.zip
Latest JASON 2 Altimeter data available for Ganges River: JA2_IPN_2PdP325_192_20170501_052516_20170501_062129.zip
Latest JASON 2 Altimeter data available for Brahmaputra River: JA2_IPN_2PdP325_166_20170430_050341_20170430_055954.zip
Latest Virtual Station file Selected. Downloading the selected file ...
Latest downloaded file for Ganges: JA3_IPN_2PdP045_079_20170501_182842_20170501_192455.zip
Latest downloaded file for Brahmaputra: JA3_IPN_2PdP045_053_20170430_180707_20170430_190320.zip
Unzipping the latest virtual station files for both basins ...
The selected virtual station file unzipped successfully.
Virtual Station files are processing to get NC files ...
Virtual Station selected for Ganges River: JA3079_2017-05-01.txt
Virtual Station selected for Brahmaputra River: JA3053_2017-04-30.txt
Virtual Station files are processed successfully.
Generating forecasted Water Heights at Bahadurabad and Hardinge Bridge ...
Forecasted Water Heights at Bahadurabad and Hardinge Bridge are generated successfully.
Downloading in situ water level data from FFWC website ....
In situ Water Level data downloaded from FFWC website and SQL Database updated successfully.
Correcting forecasted Water Heights at Bahadurabad Station ...
Bahadurabad and depended station's forecasts generated successfully.
Correcting forecasted Water Heights at Hardinge Bridge Station ...
Hardinge Bridge and depended station's forecasts cannot be generated due to an error. Error: System.Collections.Generic.KeyNotFoundException: The given key was not present in the dictionary.
   at System.Collections.Generic.Dictionary`2.get_Item(TKey key)
   at SASWEForecast.Program.Main(String[] args) in C:\Users\nbiswas\Desktop\Nishan\SASWE\FFWC_Flood\NewDesign\Programs\SASWEForecast\Program.cs:line 697
