Boundary generator of Altimetry based Flood Forecasting System of SASWE.
Forecast Date for generating boundary: 2019-09-02
Boundary generation started at: 2019-09-02 02:00:01
Initializing variables and checking for necessary files ...
Necessary files and folders checked and variables initiated successfully.
Checking for latest Virtual Station file ...
Latest JASON 3 Altimeter data available for Ganges River: JA3_IPN_2PdP131_014_20190829_232759_20190830_002412.zip
Latest JASON 3 Altimeter data available for Brahmaputra River: JA3_IPN_2PdP131_053_20190831_120022_20190831_125635.zip
Latest JASON 2 Altimeter data available for Ganges River: JA2_IPN_2PdP641_079_20190830_001918_20190830_011513.zip
Latest JASON 2 Altimeter data available for Brahmaputra River: JA2_IPN_2PdP641_053_20190829_000519_20190829_010114.zip
Latest Virtual Station file Selected. Downloading the selected file ...
Latest downloaded file for Ganges: JA2_IPN_2PdP641_079_20190830_001918_20190830_011513.zip
Latest downloaded file for Brahmaputra: JA3_IPN_2PdP131_053_20190831_120022_20190831_125635.zip
Unzipping the latest virtual station files for both basins ...
The selected virtual station file unzipped successfully.
Virtual Station files are processing to get NC files ...
Virtual Station selected for Ganges River: JA2079_2019-08-30.txt
Virtual Station selected for Brahmaputra River: JA3053_2019-08-31.txt
Virtual Station files are processed successfully.
Generating forecasted Water Heights at Bahadurabad and Hardinge Bridge ...
Forecasted Water Heights at Bahadurabad and Hardinge Bridge cannot be generated due to an error. Error: System.Collections.Generic.KeyNotFoundException: The given key was not present in the dictionary.
   at System.Collections.Generic.Dictionary`2.get_Item(TKey key)
   at SASWEForecast.Program.Main(String[] args)
Downloading in situ water level data from FFWC website ....
In situ Water Level data from FFWC cannot be downloaded due to an error. Error: System.Net.WebException: Unable to connect to the remote server ---> System.Net.Sockets.SocketException: A connection attempt failed because the connected party did not properly respond after a period of time, or established connection failed because connected host has failed to respond 202.4.96.72:80
   at System.Net.Sockets.Socket.DoConnect(EndPoint endPointSnapshot, SocketAddress socketAddress)
   at System.Net.ServicePoint.ConnectSocketInternal(Boolean connectFailure, Socket s4, Socket s6, Socket& socket, IPAddress& address, ConnectSocketState state, IAsyncResult asyncResult, Exception& exception)
   --- End of inner exception stack trace ---
   at System.Net.WebClient.DownloadDataInternal(Uri address, WebRequest& request)
   at System.Net.WebClient.DownloadString(Uri address)
   at System.Net.WebClient.DownloadString(String address)
   at SASWEForecast.Program.Main(String[] args)
Correcting forecasted Water Heights at Bahadurabad Station ...
Error occurred in boundary correction at Bahadurabad Station. Error: System.IO.FileNotFoundException: Could not find file 'C:\Users\nbiswas\Desktop\Nishan\SASWE\FFWC_Flood\NewDesign\Preprocess\ForecastHeights\Forecast_brahma_2019-09-02.txt'.
File name: 'C:\Users\nbiswas\Desktop\Nishan\SASWE\FFWC_Flood\NewDesign\Preprocess\ForecastHeights\Forecast_brahma_2019-09-02.txt'
   at System.IO.__Error.WinIOError(Int32 errorCode, String maybeFullPath)
   at System.IO.FileStream.Init(String path, FileMode mode, FileAccess access, Int32 rights, Boolean useRights, FileShare share, Int32 bufferSize, FileOptions options, SECURITY_ATTRIBUTES secAttrs, String msgPath, Boolean bFromProxy, Boolean useLongPath, Boolean checkHost)
   at System.IO.FileStream..ctor(String path, FileMode mode, FileAccess access, FileShare share, Int32 bufferSize, FileOptions options, String msgPath, Boolean bFromProxy, Boolean useLongPath, Boolean checkHost)
   at System.IO.StreamReader..ctor(String path, Encoding encoding, Boolean detectEncodingFromByteOrderMarks, Int32 bufferSize, Boolean checkHost)
   at System.IO.StreamReader..ctor(String path, Encoding encoding)
   at System.IO.File.InternalReadAllLines(String path, Encoding encoding)
   at System.IO.File.ReadAllLines(String path)
   at SASWEForecast.Program.Main(String[] args)
Correcting forecasted Water Heights at Hardinge Bridge Station ...
Hardinge Bridge and depended station's forecasts cannot be generated due to an error. Error: System.IO.FileNotFoundException: Could not find file 'C:\Users\nbiswas\Desktop\Nishan\SASWE\FFWC_Flood\NewDesign\Preprocess\ForecastHeights\Forecast_ganges_2019-09-02.txt'.
File name: 'C:\Users\nbiswas\Desktop\Nishan\SASWE\FFWC_Flood\NewDesign\Preprocess\ForecastHeights\Forecast_ganges_2019-09-02.txt'
   at System.IO.__Error.WinIOError(Int32 errorCode, String maybeFullPath)
   at System.IO.FileStream.Init(String path, FileMode mode, FileAccess access, Int32 rights, Boolean useRights, FileShare share, Int32 bufferSize, FileOptions options, SECURITY_ATTRIBUTES secAttrs, String msgPath, Boolean bFromProxy, Boolean useLongPath, Boolean checkHost)
   at System.IO.FileStream..ctor(String path, FileMode mode, FileAccess access, FileShare share, Int32 bufferSize, FileOptions options, String msgPath, Boolean bFromProxy, Boolean useLongPath, Boolean checkHost)
   at System.IO.StreamReader..ctor(String path, Encoding encoding, Boolean detectEncodingFromByteOrderMarks, Int32 bufferSize, Boolean checkHost)
   at System.IO.StreamReader..ctor(String path, Encoding encoding)
   at System.IO.File.InternalReadAllLines(String path, Encoding encoding)
   at System.IO.File.ReadAllLines(String path)
   at SASWEForecast.Program.Main(String[] args)
